0 info it worked if it ends with ok
1 verbose cli [ '/usr/local/bin/node', '/usr/local/bin/npm', 'run', 'build:ts' ]
2 info using npm@3.10.10
3 info using node@v6.11.3
4 verbose run-script [ 'prebuild:ts', 'build:ts', 'postbuild:ts' ]
5 info lifecycle breadnbutter@1.0.0~prebuild:ts: breadnbutter@1.0.0
6 silly lifecycle breadnbutter@1.0.0~prebuild:ts: no script for prebuild:ts, continuing
7 info lifecycle breadnbutter@1.0.0~build:ts: breadnbutter@1.0.0
8 verbose lifecycle breadnbutter@1.0.0~build:ts: unsafe-perm in lifecycle true
9 verbose lifecycle breadnbutter@1.0.0~build:ts: PATH: /usr/local/lib/node_modules/npm/bin/node-gyp-bin:/Users/aniljoshi/Documents/Covalence/breadnbutter/node_modules/.bin:/usr/local/lib/node_modules/npm/bin/node-gyp-bin:/Users/aniljoshi/Documents/Covalence/breadnbutter/node_modules/.bin:/usr/local/mysql/bin:/usr/local/bin:/usr/bin:/bin:/usr/sbin:/sbin:/usr/local/mysql/bin
10 verbose lifecycle breadnbutter@1.0.0~build:ts: CWD: /Users/aniljoshi/Documents/Covalence/breadnbutter
11 silly lifecycle breadnbutter@1.0.0~build:ts: Args: [ '-c', 'tsc -p .' ]
12 silly lifecycle breadnbutter@1.0.0~build:ts: Returned: code: 2  signal: null
13 info lifecycle breadnbutter@1.0.0~build:ts: Failed to exec build:ts script
14 verbose stack Error: breadnbutter@1.0.0 build:ts: `tsc -p .`
14 verbose stack Exit status 2
14 verbose stack     at EventEmitter.<anonymous> (/usr/local/lib/node_modules/npm/lib/utils/lifecycle.js:255:16)
14 verbose stack     at emitTwo (events.js:106:13)
14 verbose stack     at EventEmitter.emit (events.js:191:7)
14 verbose stack     at ChildProcess.<anonymous> (/usr/local/lib/node_modules/npm/lib/utils/spawn.js:40:14)
14 verbose stack     at emitTwo (events.js:106:13)
14 verbose stack     at ChildProcess.emit (events.js:191:7)
14 verbose stack     at maybeClose (internal/child_process.js:920:16)
14 verbose stack     at Process.ChildProcess._handle.onexit (internal/child_process.js:230:5)
15 verbose pkgid breadnbutter@1.0.0
16 verbose cwd /Users/aniljoshi/Documents/Covalence/breadnbutter
17 error Darwin 16.7.0
18 error argv "/usr/local/bin/node" "/usr/local/bin/npm" "run" "build:ts"
19 error node v6.11.3
20 error npm  v3.10.10
21 error code ELIFECYCLE
22 error breadnbutter@1.0.0 build:ts: `tsc -p .`
22 error Exit status 2
23 error Failed at the breadnbutter@1.0.0 build:ts script 'tsc -p .'.
23 error Make sure you have the latest version of node.js and npm installed.
23 error If you do, this is most likely a problem with the breadnbutter package,
23 error not with npm itself.
23 error Tell the author that this fails on your system:
23 error     tsc -p .
23 error You can get information on how to open an issue for this project with:
23 error     npm bugs breadnbutter
23 error Or if that isn't available, you can get their info via:
23 error     npm owner ls breadnbutter
23 error There is likely additional logging output above.
24 verbose exit [ 1, true ]
